<?xml version="1.0" encoding="UTF-8"?>
<testng-results ignored="1" total="11" passed="9" failed="1" skipped="0">
  <reporter-output>
  </reporter-output>
  <suite started-at="2025-07-01T21:10:04 EET" name="Default suite" finished-at="2025-07-01T21:13:49 EET" duration-ms="224536">
    <groups>
    </groups>
    <test started-at="2025-07-01T21:10:04 EET" name="Default test" finished-at="2025-07-01T21:13:49 EET" duration-ms="224536">
      <class name="BootsTesting">
        <test-method is-config="true" signature="MySetup()[pri:0, instance:BootsTesting@4dc8caa7]" started-at="2025-07-01T21:10:04 EET" name="MySetup" finished-at="2025-07-01T21:10:24 EET" duration-ms="20135" status="PASS">
          <reporter-output>
          </reporter-output>
        </test-method> <!-- MySetup -->
        <test-method signature="Test001_VerifyHomepageLoad()[pri:1, instance:BootsTesting@4dc8caa7]" started-at="2025-07-01T21:10:25 EET" name="Test001_VerifyHomepageLoad" finished-at="2025-07-01T21:10:32 EET" duration-ms="7180" status="PASS">
          <reporter-output>
          </reporter-output>
        </test-method> <!-- Test001_VerifyHomepageLoad -->
        <test-method signature="Test002_CheckAiAssistantFunctionality()[pri:2, instance:BootsTesting@4dc8caa7]" started-at="2025-07-01T21:10:32 EET" name="Test002_CheckAiAssistantFunctionality" finished-at="2025-07-01T21:10:40 EET" duration-ms="8735" status="PASS">
          <reporter-output>
          </reporter-output>
        </test-method> <!-- Test002_CheckAiAssistantFunctionality -->
        <test-method signature="Test003_ChooseProductCate()[pri:3, instance:BootsTesting@4dc8caa7]" started-at="2025-07-01T21:10:40 EET" name="Test003_ChooseProductCate" finished-at="2025-07-01T21:11:05 EET" duration-ms="24709" status="PASS">
          <reporter-output>
          </reporter-output>
        </test-method> <!-- Test003_ChooseProductCate -->
        <test-method signature="Test004_VerifiyProductListIsLoaded()[pri:4, instance:BootsTesting@4dc8caa7]" started-at="2025-07-01T21:11:05 EET" name="Test004_VerifiyProductListIsLoaded" finished-at="2025-07-01T21:11:07 EET" duration-ms="2157" status="PASS">
          <reporter-output>
          </reporter-output>
        </test-method> <!-- Test004_VerifiyProductListIsLoaded -->
        <test-method signature="Test005_FilterFunctionality()[pri:5, instance:BootsTesting@4dc8caa7]" started-at="2025-07-01T21:11:07 EET" name="Test005_FilterFunctionality" finished-at="2025-07-01T21:11:29 EET" duration-ms="21349" status="PASS">
          <reporter-output>
          </reporter-output>
        </test-method> <!-- Test005_FilterFunctionality -->
        <test-method signature="Test006_ChooseRandomProduct()[pri:6, instance:BootsTesting@4dc8caa7]" started-at="2025-07-01T21:11:29 EET" name="Test006_ChooseRandomProduct" finished-at="2025-07-01T21:12:33 EET" duration-ms="64664" status="PASS">
          <reporter-output>
          </reporter-output>
        </test-method> <!-- Test006_ChooseRandomProduct -->
        <test-method signature="Test007_ViewingProductDetailes()[pri:7, instance:BootsTesting@4dc8caa7]" started-at="2025-07-01T21:12:33 EET" name="Test007_ViewingProductDetailes" finished-at="2025-07-01T21:12:36 EET" duration-ms="2418" status="PASS">
          <reporter-output>
          </reporter-output>
        </test-method> <!-- Test007_ViewingProductDetailes -->
        <test-method signature="Test008_AddItemToTheCart()[pri:8, instance:BootsTesting@4dc8caa7]" started-at="2025-07-01T21:12:36 EET" name="Test008_AddItemToTheCart" finished-at="2025-07-01T21:12:51 EET" duration-ms="14733" status="PASS">
          <reporter-output>
          </reporter-output>
        </test-method> <!-- Test008_AddItemToTheCart -->
        <test-method signature="Test010_DicsountCode()[pri:10, instance:BootsTesting@4dc8caa7]" started-at="2025-07-01T21:12:51 EET" name="Test010_DicsountCode" finished-at="2025-07-01T21:12:55 EET" duration-ms="4245" status="FAIL">
          <exception class="java.lang.AssertionError">
            <message>
              <![CDATA[expected [true] but found [false]]]>
            </message>
            <full-stacktrace>
              <![CDATA[java.lang.AssertionError: expected [true] but found [false]
at org.testng.Assert.fail(Assert.java:99)
at org.testng.Assert.failNotEquals(Assert.java:1037)
at org.testng.Assert.assertEqualsImpl(Assert.java:140)
at org.testng.Assert.assertEquals(Assert.java:122)
at org.testng.Assert.assertEquals(Assert.java:819)
at org.testng.Assert.assertEquals(Assert.java:829)
at BootsTesting.Test010_DicsountCode(BootsTesting.java:455)
at java.base/jdk.internal.reflect.DirectMethodHandleAccessor.invoke(DirectMethodHandleAccessor.java:103)
at java.base/java.lang.reflect.Method.invoke(Method.java:580)
at org.testng.internal.MethodInvocationHelper.invokeMethod(MethodInvocationHelper.java:133)
at org.testng.internal.TestInvoker.invokeMethod(TestInvoker.java:598)
at org.testng.internal.TestInvoker.invokeTestMethod(TestInvoker.java:173)
at org.testng.internal.MethodRunner.runInSequence(MethodRunner.java:46)
at org.testng.internal.TestInvoker$MethodInvocationAgent.invoke(TestInvoker.java:824)
at org.testng.internal.TestInvoker.invokeTestMethods(TestInvoker.java:146)
at org.testng.internal.TestMethodWorker.invokeTestMethods(TestMethodWorker.java:146)
at org.testng.internal.TestMethodWorker.run(TestMethodWorker.java:128)
at java.base/java.util.ArrayList.forEach(ArrayList.java:1597)
at org.testng.TestRunner.privateRun(TestRunner.java:794)
at org.testng.TestRunner.run(TestRunner.java:596)
at org.testng.SuiteRunner.runTest(SuiteRunner.java:377)
at org.testng.SuiteRunner.runSequentially(SuiteRunner.java:371)
at org.testng.SuiteRunner.privateRun(SuiteRunner.java:332)
at org.testng.SuiteRunner.run(SuiteRunner.java:276)
at org.testng.SuiteRunnerWorker.runSuite(SuiteRunnerWorker.java:53)
at org.testng.SuiteRunnerWorker.run(SuiteRunnerWorker.java:96)
at org.testng.TestNG.runSuitesSequentially(TestNG.java:1212)
at org.testng.TestNG.runSuitesLocally(TestNG.java:1134)
at org.testng.TestNG.runSuites(TestNG.java:1063)
at org.testng.TestNG.run(TestNG.java:1031)
at org.testng.remote.AbstractRemoteTestNG.run(AbstractRemoteTestNG.java:115)
at org.testng.remote.RemoteTestNG.initAndRun(RemoteTestNG.java:293)
at org.testng.remote.RemoteTestNG.main(RemoteTestNG.java:91)
]]>
            </full-stacktrace>
          </exception> <!-- java.lang.AssertionError -->
          <reporter-output>
          </reporter-output>
        </test-method> <!-- Test010_DicsountCode -->
        <test-method signature="Test011_CheckSearchProductFunctionality()[pri:11, instance:BootsTesting@4dc8caa7]" started-at="2025-07-01T21:12:55 EET" name="Test011_CheckSearchProductFunctionality" finished-at="2025-07-01T21:13:49 EET" duration-ms="54008" status="PASS">
          <reporter-output>
          </reporter-output>
        </test-method> <!-- Test011_CheckSearchProductFunctionality -->
      </class> <!-- BootsTesting -->
    </test> <!-- Default test -->
  </suite> <!-- Default suite -->
</testng-results>
